0 info it worked if it ends with ok
1 verbose cli [ '/Users/michael/.meteor/packages/meteor-tool/.1.4.2_3.1rd9djy++os.osx.x86_64+web.browser+web.cordova/mt-os.osx.x86_64/dev_bundle/bin/node',
1 verbose cli   '/Users/michael/.meteor/packages/meteor-tool/.1.4.2_3.1rd9djy++os.osx.x86_64+web.browser+web.cordova/mt-os.osx.x86_64/dev_bundle/bin/npm',
1 verbose cli   'run',
1 verbose cli   'chimp',
1 verbose cli   '--ddp=http://localhost:3000',
1 verbose cli   '--mocha',
1 verbose cli   '--path=tests' ]
2 info using npm@3.10.9
3 info using node@v4.6.2
4 verbose stack Error: missing script: chimp
4 verbose stack     at run (/Users/michael/.meteor/packages/meteor-tool/.1.4.2_3.1rd9djy++os.osx.x86_64+web.browser+web.cordova/mt-os.osx.x86_64/dev_bundle/lib/node_modules/npm/lib/run-script.js:151:19)
4 verbose stack     at /Users/michael/.meteor/packages/meteor-tool/.1.4.2_3.1rd9djy++os.osx.x86_64+web.browser+web.cordova/mt-os.osx.x86_64/dev_bundle/lib/node_modules/npm/lib/run-script.js:61:5
4 verbose stack     at /Users/michael/.meteor/packages/meteor-tool/.1.4.2_3.1rd9djy++os.osx.x86_64+web.browser+web.cordova/mt-os.osx.x86_64/dev_bundle/lib/node_modules/npm/node_modules/read-package-json/read-json.js:356:5
4 verbose stack     at checkBinReferences_ (/Users/michael/.meteor/packages/meteor-tool/.1.4.2_3.1rd9djy++os.osx.x86_64+web.browser+web.cordova/mt-os.osx.x86_64/dev_bundle/lib/node_modules/npm/node_modules/read-package-json/read-json.js:320:45)
4 verbose stack     at final (/Users/michael/.meteor/packages/meteor-tool/.1.4.2_3.1rd9djy++os.osx.x86_64+web.browser+web.cordova/mt-os.osx.x86_64/dev_bundle/lib/node_modules/npm/node_modules/read-package-json/read-json.js:354:3)
4 verbose stack     at then (/Users/michael/.meteor/packages/meteor-tool/.1.4.2_3.1rd9djy++os.osx.x86_64+web.browser+web.cordova/mt-os.osx.x86_64/dev_bundle/lib/node_modules/npm/node_modules/read-package-json/read-json.js:124:5)
4 verbose stack     at /Users/michael/.meteor/packages/meteor-tool/.1.4.2_3.1rd9djy++os.osx.x86_64+web.browser+web.cordova/mt-os.osx.x86_64/dev_bundle/lib/node_modules/npm/node_modules/read-package-json/read-json.js:311:12
4 verbose stack     at /Users/michael/.meteor/packages/meteor-tool/.1.4.2_3.1rd9djy++os.osx.x86_64+web.browser+web.cordova/mt-os.osx.x86_64/dev_bundle/lib/node_modules/npm/node_modules/graceful-fs/graceful-fs.js:78:16
4 verbose stack     at FSReqWrap.readFileAfterClose [as oncomplete] (fs.js:380:3)
5 verbose cwd /Users/michael/googledrive/makers/postapps/cardiac
6 error Darwin 15.6.0
7 error argv "/Users/michael/.meteor/packages/meteor-tool/.1.4.2_3.1rd9djy++os.osx.x86_64+web.browser+web.cordova/mt-os.osx.x86_64/dev_bundle/bin/node" "/Users/michael/.meteor/packages/meteor-tool/.1.4.2_3.1rd9djy++os.osx.x86_64+web.browser+web.cordova/mt-os.osx.x86_64/dev_bundle/bin/npm" "run" "chimp" "--ddp=http://localhost:3000" "--mocha" "--path=tests"
8 error node v4.6.2
9 error npm  v3.10.9
10 error missing script: chimp
11 error If you need help, you may report this error at:
11 error     <https://github.com/npm/npm/issues>
12 verbose exit [ 1, true ]
